This is pdfTeX, Version 3.141592653-2.6-1.40.25 (TeX Live 2023/nixos.org) (preloaded format=pdflatex 1980.1.1)  24 FEB 2025 21:33
entering extended mode
 restricted \write18 enabled.
 file:line:error style messages enabled.
 %&-line parsing enabled.
**/home/lilijoy/Documents/School/ITP258/Module5/Report.tex
(/home/lilijoy/Documents/School/ITP258/Module5/Report.tex
LaTeX2e <2023-11-01> patch level 1
L3 programming layer <2024-02-20>
(/nix/store/mmfbr0bck8cxdcvdrn8bx9hk92midwh3-texlive-combined-full-2023-final-texmfdist/tex/latex/base/article.cls
Document Class: article 2023/05/17 v1.4n Standard LaTeX document class
(/nix/store/mmfbr0bck8cxdcvdrn8bx9hk92midwh3-texlive-combined-full-2023-final-texmfdist/tex/latex/base/size12.clo
File: size12.clo 2023/05/17 v1.4n Standard LaTeX file (size option)
)
\c@part=\count188
\c@section=\count189
\c@subsection=\count190
\c@subsubsection=\count191
\c@paragraph=\count192
\c@subparagraph=\count193
\c@figure=\count194
\c@table=\count195
\abovecaptionskip=\skip48
\belowcaptionskip=\skip49
\bibindent=\dimen140
) (/nix/store/mmfbr0bck8cxdcvdrn8bx9hk92midwh3-texlive-combined-full-2023-final-texmfdist/tex/latex/tree-dvips/lingmacros.sty
\c@enums=\count196
\widelabel=\dimen141
\c@tempcnt=\count197
\c@enumsi=\count198
\eeindent=\dimen142
) (/nix/store/mmfbr0bck8cxdcvdrn8bx9hk92midwh3-texlive-combined-full-2023-final-texmfdist/tex/latex/tree-dvips/tree-dvips.sty
tree-dvips version .91 of May 16, 1995
\nodemargin=\dimen143
\treelinewidth=\dimen144
\dashlength=\dimen145
\arrowwidth=\dimen146
\arrowlength=\dimen147
\arrowinset=\dimen148
\pos@t=\toks17
\pos@b=\toks18
\pos@l=\toks19
\pos@r=\toks20
\pos@tl=\toks21
\pos@tr=\toks22
\pos@bl=\toks23
\pos@br=\toks24
\@arrow=\count199
\@tempdimc=\dimen149
) (/nix/store/mmfbr0bck8cxdcvdrn8bx9hk92midwh3-texlive-combined-full-2023-final-texmfdist/tex/latex/l3backend/l3backend-pdftex.def
File: l3backend-pdftex.def 2024-02-20 L3 backend support: PDF output (pdfTeX)
\l__color_backend_stack_int=\count266
\l__pdf_internal_box=\box51
) (./Report.aux)
\openout1 = `Report.aux'.

LaTeX Font Info:    Checking defaults for OML/cmm/m/it on input line 4.
LaTeX Font Info:    ... okay on input line 4.
LaTeX Font Info:    Checking defaults for OMS/cmsy/m/n on input line 4.
LaTeX Font Info:    ... okay on input line 4.
LaTeX Font Info:    Checking defaults for OT1/cmr/m/n on input line 4.
LaTeX Font Info:    ... okay on input line 4.
LaTeX Font Info:    Checking defaults for T1/cmr/m/n on input line 4.
LaTeX Font Info:    ... okay on input line 4.
LaTeX Font Info:    Checking defaults for TS1/cmr/m/n on input line 4.
LaTeX Font Info:    ... okay on input line 4.
LaTeX Font Info:    Checking defaults for OMX/cmex/m/n on input line 4.
LaTeX Font Info:    ... okay on input line 4.
LaTeX Font Info:    Checking defaults for U/cmr/m/n on input line 4.
LaTeX Font Info:    ... okay on input line 4.
LaTeX Font Info:    External font `cmex10' loaded for size
(Font)              <10.95> on input line 17.
LaTeX Font Info:    External font `cmex10' loaded for size
(Font)              <8> on input line 17.
LaTeX Font Info:    External font `cmex10' loaded for size
(Font)              <6> on input line 17.
 [1


Non-PDF special ignored!
<special> header=tree-dvips91.pro
{/nix/store/ja14af5rh6w6ydvilsidwh58lifsnwd2-texlive-combined-full-2023-final/share/texmf-var/fonts/map/pdftex/updmap/pdftex.map}
Non-PDF special ignored!
<special> ps:@beginspec/nodemargin 2.0 pt def 0.3 pt setlinewidth [] 0 setd...
Non-PDF special ignored!
<special> ps:@beginspec/nodemargin 2.0 pt def 0.3 pt setlinewidth [] 0 setd...
Non-PDF special ignored!
<special> ps:@beginspec/nodemargin 2.0 pt def 0.3 pt setlinewidth [] 0 setd...
Non-PDF special ignored!
<special> ps:@beginspec/nodemargin 2.0 pt def 0.3 pt setlinewidth [] 0 setd...
Non-PDF special ignored!
<special> ps:@beginspec/nodemargin 2.0 pt def 0.3 pt setlinewidth [] 0 setd...
Non-PDF special ignored!
<special> ps:@beginspec/nodemargin 2.0 pt def 0.3 pt setlinewidth [] 0 setd...
Non-PDF special ignored!
<special> ps:@beginspec/nodemargin 2.0 pt def 0.3 pt setlinewidth [] 0 setd...
Non-PDF special ignored!
<special> ps:@beginspec/nodemargin 2.0 pt def 0.3 pt setlinewidth [] 0 setd...
Non-PDF special ignored!
<special> ps:@beginspec/nodemargin 2.0 pt def 0.3 pt setlinewidth [] 0 setd...
] (./Report.aux)
 ***********
LaTeX2e <2023-11-01> patch level 1
L3 programming layer <2024-02-20>
 ***********
 ) 
Here is how much of TeX's memory you used:
 599 strings out of 474116
 11592 string characters out of 5717523
 1930187 words of memory out of 5000000
 23020 multiletter control sequences out of 15000+600000
 563273 words of font info for 53 fonts, out of 8000000 for 9000
 1141 hyphenation exceptions out of 8191
 35i,9n,50p,192b,277s stack positions out of 10000i,1000n,20000p,200000b,200000s
</nix/store/mmfbr0bck8cxdcvdrn8bx9hk92midwh3-texlive-combined-full-2023-final-texmfdist/fonts/type1/public/amsfonts/cm/cmbx10.pfb></nix/store/mmfbr0bck8cxdcvdrn8bx9hk92midwh3-texlive-combined-full-2023-final-texmfdist/fonts/type1/public/amsfonts/cm/cmbx12.pfb></nix/store/mmfbr0bck8cxdcvdrn8bx9hk92midwh3-texlive-combined-full-2023-final-texmfdist/fonts/type1/public/amsfonts/cm/cmcsc10.pfb></nix/store/mmfbr0bck8cxdcvdrn8bx9hk92midwh3-texlive-combined-full-2023-final-texmfdist/fonts/type1/public/amsfonts/cm/cmmi8.pfb></nix/store/mmfbr0bck8cxdcvdrn8bx9hk92midwh3-texlive-combined-full-2023-final-texmfdist/fonts/type1/public/amsfonts/cm/cmr10.pfb></nix/store/mmfbr0bck8cxdcvdrn8bx9hk92midwh3-texlive-combined-full-2023-final-texmfdist/fonts/type1/public/amsfonts/cm/cmr12.pfb></nix/store/mmfbr0bck8cxdcvdrn8bx9hk92midwh3-texlive-combined-full-2023-final-texmfdist/fonts/type1/public/amsfonts/cm/cmsy8.pfb></nix/store/mmfbr0bck8cxdcvdrn8bx9hk92midwh3-texlive-combined-full-2023-final-texmfdist/fonts/type1/public/amsfonts/cm/cmti12.pfb>
Output written on Report.pdf (1 page, 91491 bytes).
PDF statistics:
 48 PDF objects out of 1000 (max. 8388607)
 28 compressed objects within 1 object stream
 0 named destinations out of 1000 (max. 500000)
 1 words of extra memory for PDF output out of 10000 (max. 10000000)

